2019-07-28 16:12:50: == 同步开始由 User Command
2019-07-28 16:12:50: 删除文件 'ftp://vhost521.cloudvhost.cn:21/WEB/archives/2019/05/page/2/index.html'
2019-07-28 16:12:50: 删除文件夹 'ftp://vhost521.cloudvhost.cn:21/WEB/archives/2019/05/page/2'
2019-07-28 16:12:51: 删除文件夹 'ftp://vhost521.cloudvhost.cn:21/WEB/archives/2019/05/page'
2019-07-28 16:12:51: 删除文件 'ftp://vhost521.cloudvhost.cn:21/WEB/page/6/index.html'
2019-07-28 16:12:51: 删除文件夹 'ftp://vhost521.cloudvhost.cn:21/WEB/page/6'
2019-07-28 16:12:51: 删除文件 'ftp://vhost521.cloudvhost.cn:21/WEB/page/7/index.html'
2019-07-28 16:12:51: 删除文件夹 'ftp://vhost521.cloudvhost.cn:21/WEB/page/7'
2019-07-28 16:12:51: 删除文件 'ftp://vhost521.cloudvhost.cn:21/WEB/page/8/index.html'
2019-07-28 16:12:51: 删除文件夹 'ftp://vhost521.cloudvhost.cn:21/WEB/page/8'
2019-07-28 16:12:51: 删除文件 'ftp://vhost521.cloudvhost.cn:21/WEB/post/3088ae68.html'
2019-07-28 16:12:51: 删除文件 'ftp://vhost521.cloudvhost.cn:21/WEB/post/43298be9.html'
2019-07-28 16:12:51: 删除文件 'ftp://vhost521.cloudvhost.cn:21/WEB/post/4a17b156.html'
2019-07-28 16:12:51: 删除文件 'ftp://vhost521.cloudvhost.cn:21/WEB/post/7d334df7 (1).html'
2019-07-28 16:12:51: 删除文件 'ftp://vhost521.cloudvhost.cn:21/WEB/post/9e42caea.html'
2019-07-28 16:12:51: 删除文件 'ftp://vhost521.cloudvhost.cn:21/WEB/tags/Git-FTP/index.html'
2019-07-28 16:12:51: 删除文件夹 'ftp://vhost521.cloudvhost.cn:21/WEB/tags/Git-FTP'
2019-07-28 16:12:51: 删除文件 'ftp://vhost521.cloudvhost.cn:21/WEB/tags/QQ群/index.html'
2019-07-28 16:12:51: 删除文件夹 'ftp://vhost521.cloudvhost.cn:21/WEB/tags/QQ群'
2019-07-28 16:12:51: 删除文件 'ftp://vhost521.cloudvhost.cn:21/WEB/tags/SS/index.html'
2019-07-28 16:12:51: 删除文件夹 'ftp://vhost521.cloudvhost.cn:21/WEB/tags/SS'
2019-07-28 16:12:51: 删除文件 'ftp://vhost521.cloudvhost.cn:21/WEB/tags/SSR/index.html'
2019-07-28 16:12:51: 删除文件夹 'ftp://vhost521.cloudvhost.cn:21/WEB/tags/SSR'
2019-07-28 16:12:51: 删除文件 'ftp://vhost521.cloudvhost.cn:21/WEB/tags/交流讨论/index.html'
2019-07-28 16:12:51: 删除文件夹 'ftp://vhost521.cloudvhost.cn:21/WEB/tags/交流讨论'
2019-07-28 16:12:51: 删除文件 'ftp://vhost521.cloudvhost.cn:21/WEB/tags/博客/index.html'
2019-07-28 16:12:51: 删除文件夹 'ftp://vhost521.cloudvhost.cn:21/WEB/tags/博客'
2019-07-28 16:12:52: 覆盖复制 'G:/OneDrive/Github/时光之笔/public/about/index.html' -> 'ftp://vhost521.cloudvhost.cn:21/WEB/about/index.html' (14,247)
2019-07-28 16:12:52: 覆盖复制 'G:/OneDrive/Github/时光之笔/public/about/时光之笔的LBM交流群群二维码.png' -> 'ftp://vhost521.cloudvhost.cn:21/WEB/about/时光之笔的LBM交流群群二维码.png' (15,688)
2019-07-28 16:12:53: 覆盖复制 'G:/OneDrive/Github/时光之笔/public/archives/2018/05/index.html' -> 'ftp://vhost521.cloudvhost.cn:21/WEB/archives/2018/05/index.html' (13,005)
2019-07-28 16:12:53: 覆盖复制 'G:/OneDrive/Github/时光之笔/public/archives/2018/06/index.html' -> 'ftp://vhost521.cloudvhost.cn:21/WEB/archives/2018/06/index.html' (19,592)
2019-07-28 16:12:54: 覆盖复制 'G:/OneDrive/Github/时光之笔/public/archives/2018/06/page/2/index.html' -> 'ftp://vhost521.cloudvhost.cn:21/WEB/archives/2018/06/page/2/index.html' (12,524)
2019-07-28 16:12:54: 覆盖复制 'G:/OneDrive/Github/时光之笔/public/archives/2018/09/index.html' -> 'ftp://vhost521.cloudvhost.cn:21/WEB/archives/2018/09/index.html' (12,323)
2019-07-28 16:12:55: 覆盖复制 'G:/OneDrive/Github/时光之笔/public/archives/2018/10/index.html' -> 'ftp://vhost521.cloudvhost.cn:21/WEB/archives/2018/10/index.html' (12,293)
2019-07-28 16:12:55: 覆盖复制 'G:/OneDrive/Github/时光之笔/public/archives/2018/index.html' -> 'ftp://vhost521.cloudvhost.cn:21/WEB/archives/2018/index.html' (19,647)
2019-07-28 16:12:56: 覆盖复制 'G:/OneDrive/Github/时光之笔/public/archives/2018/page/2/index.html' -> 'ftp://vhost521.cloudvhost.cn:21/WEB/archives/2018/page/2/index.html' (18,576)
2019-07-28 16:12:56: 覆盖复制 'G:/OneDrive/Github/时光之笔/public/archives/2019/03/index.html' -> 'ftp://vhost521.cloudvhost.cn:21/WEB/archives/2019/03/index.html' (13,362)
2019-07-28 16:12:57: 覆盖复制 'G:/OneDrive/Github/时光之笔/public/archives/2019/04/index.html' -> 'ftp://vhost521.cloudvhost.cn:21/WEB/archives/2019/04/index.html' (17,358)
2019-07-28 16:12:57: 覆盖复制 'G:/OneDrive/Github/时光之笔/public/archives/2019/05/index.html' -> 'ftp://vhost521.cloudvhost.cn:21/WEB/archives/2019/05/index.html' (19,703)
2019-07-28 16:12:58: 覆盖复制 'G:/OneDrive/Github/时光之笔/public/archives/2019/06/index.html' -> 'ftp://vhost521.cloudvhost.cn:21/WEB/archives/2019/06/index.html' (13,468)
2019-07-28 16:12:58: 覆盖复制 'G:/OneDrive/Github/时光之笔/public/archives/2019/07/index.html' -> 'ftp://vhost521.cloudvhost.cn:21/WEB/archives/2019/07/index.html' (13,100)
2019-07-28 16:12:59: 覆盖复制 'G:/OneDrive/Github/时光之笔/public/archives/2019/index.html' -> 'ftp://vhost521.cloudvhost.cn:21/WEB/archives/2019/index.html' (20,314)
2019-07-28 16:12:59: 覆盖复制 'G:/OneDrive/Github/时光之笔/public/archives/2019/page/2/index.html' -> 'ftp://vhost521.cloudvhost.cn:21/WEB/archives/2019/page/2/index.html' (20,143)
2019-07-28 16:13:00: 覆盖复制 'G:/OneDrive/Github/时光之笔/public/archives/2019/page/3/index.html' -> 'ftp://vhost521.cloudvhost.cn:21/WEB/archives/2019/page/3/index.html' (16,800)
2019-07-28 16:13:00: 覆盖复制 'G:/OneDrive/Github/时光之笔/public/archives/index.html' -> 'ftp://vhost521.cloudvhost.cn:21/WEB/archives/index.html' (20,346)
2019-07-28 16:13:01: 覆盖复制 'G:/OneDrive/Github/时光之笔/public/archives/page/2/index.html' -> 'ftp://vhost521.cloudvhost.cn:21/WEB/archives/page/2/index.html' (20,188)
2019-07-28 16:13:01: 覆盖复制 'G:/OneDrive/Github/时光之笔/public/archives/page/3/index.html' -> 'ftp://vhost521.cloudvhost.cn:21/WEB/archives/page/3/index.html' (20,567)
2019-07-28 16:13:02: 覆盖复制 'G:/OneDrive/Github/时光之笔/public/archives/page/4/index.html' -> 'ftp://vhost521.cloudvhost.cn:21/WEB/archives/page/4/index.html' (19,785)
2019-07-28 16:13:02: 覆盖复制 'G:/OneDrive/Github/时光之笔/public/archives/page/5/index.html' -> 'ftp://vhost521.cloudvhost.cn:21/WEB/archives/page/5/index.html' (15,112)
2019-07-28 16:13:03: 覆盖复制 'G:/OneDrive/Github/时光之笔/public/categories/C/index.html' -> 'ftp://vhost521.cloudvhost.cn:21/WEB/categories/C/index.html' (17,111)
2019-07-28 16:13:03: 覆盖复制 'G:/OneDrive/Github/时光之笔/public/categories/Github博客搭建系列/index.html' -> 'ftp://vhost521.cloudvhost.cn:21/WEB/categories/Github博客搭建系列/index.html' (16,963)
2019-07-28 16:13:04: 覆盖复制 'G:/OneDrive/Github/时光之笔/public/categories/index.html' -> 'ftp://vhost521.cloudvhost.cn:21/WEB/categories/index.html' (54,776)
2019-07-28 16:13:04: 覆盖复制 'G:/OneDrive/Github/时光之笔/public/categories/个人记事/index.html' -> 'ftp://vhost521.cloudvhost.cn:21/WEB/categories/个人记事/index.html' (15,830)
2019-07-28 16:13:05: 覆盖复制 'G:/OneDrive/Github/时光之笔/public/categories/好物推荐/index.html' -> 'ftp://vhost521.cloudvhost.cn:21/WEB/categories/好物推荐/index.html' (18,367)
2019-07-28 16:13:05: 覆盖复制 'G:/OneDrive/Github/时光之笔/public/categories/学习笔记/index.html' -> 'ftp://vhost521.cloudvhost.cn:21/WEB/categories/学习笔记/index.html' (21,764)
2019-07-28 16:13:06: 覆盖复制 'G:/OneDrive/Github/时光之笔/public/categories/学习笔记/page/2/index.html' -> 'ftp://vhost521.cloudvhost.cn:21/WEB/categories/学习笔记/page/2/index.html' (17,824)
2019-07-28 16:13:06: 覆盖复制 'G:/OneDrive/Github/时光之笔/public/categories/生活/index.html' -> 'ftp://vhost521.cloudvhost.cn:21/WEB/categories/生活/index.html' (18,245)
2019-07-28 16:13:07: 覆盖复制 'G:/OneDrive/Github/时光之笔/public/categories/网络工具/index.html' -> 'ftp://vhost521.cloudvhost.cn:21/WEB/categories/网络工具/index.html' (13,243)
2019-07-28 16:13:08: 覆盖复制 'G:/OneDrive/Github/时光之笔/public/content.json' -> 'ftp://vhost521.cloudvhost.cn:21/WEB/content.json' (228,347)
2019-07-28 16:13:08: 覆盖复制 'G:/OneDrive/Github/时光之笔/public/css/fonts/fontawesome/fontawesome-webfont.eot' -> 'ftp://vhost521.cloudvhost.cn:21/WEB/css/fonts/fontawesome/fontawesome-webfont.eot' (165,742)
2019-07-28 16:13:09: 覆盖复制 'G:/OneDrive/Github/时光之笔/public/css/fonts/fontawesome/fontawesome-webfont.svg' -> 'ftp://vhost521.cloudvhost.cn:21/WEB/css/fonts/fontawesome/fontawesome-webfont.svg' (444,379)
2019-07-28 16:13:10: 覆盖复制 'G:/OneDrive/Github/时光之笔/public/css/fonts/fontawesome/fontawesome-webfont.ttf' -> 'ftp://vhost521.cloudvhost.cn:21/WEB/css/fonts/fontawesome/fontawesome-webfont.ttf' (165,548)
2019-07-28 16:13:10: 覆盖复制 'G:/OneDrive/Github/时光之笔/public/css/fonts/fontawesome/fontawesome-webfont.woff' -> 'ftp://vhost521.cloudvhost.cn:21/WEB/css/fonts/fontawesome/fontawesome-webfont.woff' (98,024)
2019-07-28 16:13:11: 覆盖复制 'G:/OneDrive/Github/时光之笔/public/css/fonts/fontawesome/fontawesome-webfont.woff2' -> 'ftp://vhost521.cloudvhost.cn:21/WEB/css/fonts/fontawesome/fontawesome-webfont.woff2' (77,160)
2019-07-28 16:13:11: 覆盖复制 'G:/OneDrive/Github/时光之笔/public/css/fonts/fontawesome/FontAwesome.otf' -> 'ftp://vhost521.cloudvhost.cn:21/WEB/css/fonts/fontawesome/FontAwesome.otf' (134,808)
2019-07-28 16:13:12: 覆盖复制 'G:/OneDrive/Github/时光之笔/public/css/fonts/roboto/Roboto-Bold.eot' -> 'ftp://vhost521.cloudvhost.cn:21/WEB/css/fonts/roboto/Roboto-Bold.eot' (20,966)
2019-07-28 16:13:12: 覆盖复制 'G:/OneDrive/Github/时光之笔/public/css/fonts/roboto/Roboto-Bold.ttf' -> 'ftp://vhost521.cloudvhost.cn:21/WEB/css/fonts/roboto/Roboto-Bold.ttf' (127,744)
2019-07-28 16:13:13: 覆盖复制 'G:/OneDrive/Github/时光之笔/public/css/fonts/roboto/Roboto-Bold.woff' -> 'ftp://vhost521.cloudvhost.cn:21/WEB/css/fonts/roboto/Roboto-Bold.woff' (62,876)
2019-07-28 16:13:13: 覆盖复制 'G:/OneDrive/Github/时光之笔/public/css/fonts/roboto/Roboto-Bold.woff2' -> 'ftp://vhost521.cloudvhost.cn:21/WEB/css/fonts/roboto/Roboto-Bold.woff2' (49,976)
2019-07-28 16:13:14: 覆盖复制 'G:/OneDrive/Github/时光之笔/public/css/fonts/roboto/Roboto-Light.eot' -> 'ftp://vhost521.cloudvhost.cn:21/WEB/css/fonts/roboto/Roboto-Light.eot' (20,940)
2019-07-28 16:13:14: 覆盖复制 'G:/OneDrive/Github/时光之笔/public/css/fonts/roboto/Roboto-Light.ttf' -> 'ftp://vhost521.cloudvhost.cn:21/WEB/css/fonts/roboto/Roboto-Light.ttf' (126,792)
2019-07-28 16:13:15: 覆盖复制 'G:/OneDrive/Github/时光之笔/public/css/fonts/roboto/Roboto-Light.woff' -> 'ftp://vhost521.cloudvhost.cn:21/WEB/css/fonts/roboto/Roboto-Light.woff' (62,316)
2019-07-28 16:13:15: 覆盖复制 'G:/OneDrive/Github/时光之笔/public/css/fonts/roboto/Roboto-Light.woff2' -> 'ftp://vhost521.cloudvhost.cn:21/WEB/css/fonts/roboto/Roboto-Light.woff2' (49,380)
2019-07-28 16:13:16: 覆盖复制 'G:/OneDrive/Github/时光之笔/public/css/fonts/roboto/Roboto-Medium.eot' -> 'ftp://vhost521.cloudvhost.cn:21/WEB/css/fonts/roboto/Roboto-Medium.eot' (21,364)
2019-07-28 16:13:17: 覆盖复制 'G:/OneDrive/Github/时光之笔/public/css/fonts/roboto/Roboto-Medium.ttf' -> 'ftp://vhost521.cloudvhost.cn:21/WEB/css/fonts/roboto/Roboto-Medium.ttf' (127,488)
2019-07-28 16:13:17: 覆盖复制 'G:/OneDrive/Github/时光之笔/public/css/fonts/roboto/Roboto-Medium.woff' -> 'ftp://vhost521.cloudvhost.cn:21/WEB/css/fonts/roboto/Roboto-Medium.woff' (62,980)
2019-07-28 16:13:18: 覆盖复制 'G:/OneDrive/Github/时光之笔/public/css/fonts/roboto/Roboto-Medium.woff2' -> 'ftp://vhost521.cloudvhost.cn:21/WEB/css/fonts/roboto/Roboto-Medium.woff2' (50,224)
2019-07-28 16:13:18: 覆盖复制 'G:/OneDrive/Github/时光之笔/public/css/fonts/roboto/Roboto-Regular.eot' -> 'ftp://vhost521.cloudvhost.cn:21/WEB/css/fonts/roboto/Roboto-Regular.eot' (21,320)
2019-07-28 16:13:19: 覆盖复制 'G:/OneDrive/Github/时光之笔/public/css/fonts/roboto/Roboto-Regular.ttf' -> 'ftp://vhost521.cloudvhost.cn:21/WEB/css/fonts/roboto/Roboto-Regular.ttf' (126,072)
2019-07-28 16:13:19: 覆盖复制 'G:/OneDrive/Github/时光之笔/public/css/fonts/roboto/Roboto-Regular.woff' -> 'ftp://vhost521.cloudvhost.cn:21/WEB/css/fonts/roboto/Roboto-Regular.woff' (61,736)
2019-07-28 16:13:20: 覆盖复制 'G:/OneDrive/Github/时光之笔/public/css/fonts/roboto/Roboto-Regular.woff2' -> 'ftp://vhost521.cloudvhost.cn:21/WEB/css/fonts/roboto/Roboto-Regular.woff2' (49,236)
2019-07-28 16:13:20: 覆盖复制 'G:/OneDrive/Github/时光之笔/public/css/fonts/roboto/Roboto-Thin.eot' -> 'ftp://vhost521.cloudvhost.cn:21/WEB/css/fonts/roboto/Roboto-Thin.eot' (21,659)
2019-07-28 16:13:21: 覆盖复制 'G:/OneDrive/Github/时光之笔/public/css/fonts/roboto/Roboto-Thin.ttf' -> 'ftp://vhost521.cloudvhost.cn:21/WEB/css/fonts/roboto/Roboto-Thin.ttf' (127,584)
2019-07-28 16:13:21: 覆盖复制 'G:/OneDrive/Github/时光之笔/public/css/fonts/roboto/Roboto-Thin.woff' -> 'ftp://vhost521.cloudvhost.cn:21/WEB/css/fonts/roboto/Roboto-Thin.woff' (61,628)
2019-07-28 16:13:22: 覆盖复制 'G:/OneDrive/Github/时光之笔/public/css/fonts/roboto/Roboto-Thin.woff2' -> 'ftp://vhost521.cloudvhost.cn:21/WEB/css/fonts/roboto/Roboto-Thin.woff2' (48,524)
2019-07-28 16:13:22: 覆盖复制 'G:/OneDrive/Github/时光之笔/public/css/style.css' -> 'ftp://vhost521.cloudvhost.cn:21/WEB/css/style.css' (73,938)
2019-07-28 16:13:23: 覆盖复制 'G:/OneDrive/Github/时光之笔/public/img/alipay.jpg' -> 'ftp://vhost521.cloudvhost.cn:21/WEB/img/alipay.jpg' (22,420)
2019-07-28 16:13:23: 覆盖复制 'G:/OneDrive/Github/时光之笔/public/img/avatar.jpg' -> 'ftp://vhost521.cloudvhost.cn:21/WEB/img/avatar.jpg' (8,209)
2019-07-28 16:13:24: 覆盖复制 'G:/OneDrive/Github/时光之笔/public/img/brand.jpg' -> 'ftp://vhost521.cloudvhost.cn:21/WEB/img/brand.jpg' (33,276)
2019-07-28 16:13:24: 覆盖复制 'G:/OneDrive/Github/时光之笔/public/img/cc.png' -> 'ftp://vhost521.cloudvhost.cn:21/WEB/img/cc.png' (444)
2019-07-28 16:13:25: 覆盖复制 'G:/OneDrive/Github/时光之笔/public/img/img-err.png' -> 'ftp://vhost521.cloudvhost.cn:21/WEB/img/img-err.png' (2,646)
2019-07-28 16:13:25: 覆盖复制 'G:/OneDrive/Github/时光之笔/public/img/img-loading.png' -> 'ftp://vhost521.cloudvhost.cn:21/WEB/img/img-loading.png' (2,104)
2019-07-28 16:13:26: 覆盖复制 'G:/OneDrive/Github/时光之笔/public/img/wechat.jpg' -> 'ftp://vhost521.cloudvhost.cn:21/WEB/img/wechat.jpg' (21,070)
2019-07-28 16:13:26: 覆盖复制 'G:/OneDrive/Github/时光之笔/public/index.html' -> 'ftp://vhost521.cloudvhost.cn:21/WEB/index.html' (24,872)
2019-07-28 16:13:27: 覆盖复制 'G:/OneDrive/Github/时光之笔/public/js/main.js' -> 'ftp://vhost521.cloudvhost.cn:21/WEB/js/main.js' (18,643)
2019-07-28 16:13:27: 覆盖复制 'G:/OneDrive/Github/时光之笔/public/js/main.min.js' -> 'ftp://vhost521.cloudvhost.cn:21/WEB/js/main.min.js' (8,089)
2019-07-28 16:13:28: 覆盖复制 'G:/OneDrive/Github/时光之笔/public/js/search.js' -> 'ftp://vhost521.cloudvhost.cn:21/WEB/js/search.js' (3,880)
2019-07-28 16:13:28: 覆盖复制 'G:/OneDrive/Github/时光之笔/public/js/search.min.js' -> 'ftp://vhost521.cloudvhost.cn:21/WEB/js/search.min.js' (1,880)
2019-07-28 16:13:29: 覆盖复制 'G:/OneDrive/Github/时光之笔/public/page/2/index.html' -> 'ftp://vhost521.cloudvhost.cn:21/WEB/page/2/index.html' (24,939)
2019-07-28 16:13:29: 覆盖复制 'G:/OneDrive/Github/时光之笔/public/page/3/index.html' -> 'ftp://vhost521.cloudvhost.cn:21/WEB/page/3/index.html' (24,412)
2019-07-28 16:13:30: 覆盖复制 'G:/OneDrive/Github/时光之笔/public/page/4/index.html' -> 'ftp://vhost521.cloudvhost.cn:21/WEB/page/4/index.html' (23,798)
2019-07-28 16:13:30: 覆盖复制 'G:/OneDrive/Github/时光之笔/public/page/5/index.html' -> 'ftp://vhost521.cloudvhost.cn:21/WEB/page/5/index.html' (16,682)
2019-07-28 16:13:31: 覆盖复制 'G:/OneDrive/Github/时光之笔/public/post/15616985.html' -> 'ftp://vhost521.cloudvhost.cn:21/WEB/post/15616985.html' (32,791)
2019-07-28 16:13:31: 覆盖复制 'G:/OneDrive/Github/时光之笔/public/post/186025a3/Doxygen1.png' -> 'ftp://vhost521.cloudvhost.cn:21/WEB/post/186025a3/Doxygen1.png' (139,168)
2019-07-28 16:13:32: 覆盖复制 'G:/OneDrive/Github/时光之笔/public/post/186025a3/Doxygen2.png' -> 'ftp://vhost521.cloudvhost.cn:21/WEB/post/186025a3/Doxygen2.png' (127,616)
2019-07-28 16:13:33: 覆盖复制 'G:/OneDrive/Github/时光之笔/public/post/186025a3/Doxygen3.png' -> 'ftp://vhost521.cloudvhost.cn:21/WEB/post/186025a3/Doxygen3.png' (138,623)
2019-07-28 16:13:33: 覆盖复制 'G:/OneDrive/Github/时光之笔/public/post/186025a3/Doxygen4.png' -> 'ftp://vhost521.cloudvhost.cn:21/WEB/post/186025a3/Doxygen4.png' (115,861)
2019-07-28 16:13:34: 覆盖复制 'G:/OneDrive/Github/时光之笔/public/post/186025a3/Doxygen5.png' -> 'ftp://vhost521.cloudvhost.cn:21/WEB/post/186025a3/Doxygen5.png' (187,227)
2019-07-28 16:13:34: 覆盖复制 'G:/OneDrive/Github/时光之笔/public/post/186025a3/Doxygen6.png' -> 'ftp://vhost521.cloudvhost.cn:21/WEB/post/186025a3/Doxygen6.png' (109,814)
2019-07-28 16:13:35: 覆盖复制 'G:/OneDrive/Github/时光之笔/public/post/186025a3/Doxygen7.png' -> 'ftp://vhost521.cloudvhost.cn:21/WEB/post/186025a3/Doxygen7.png' (221,498)
2019-07-28 16:13:36: 覆盖复制 'G:/OneDrive/Github/时光之笔/public/post/186025a3/包含导航栏.png' -> 'ftp://vhost521.cloudvhost.cn:21/WEB/post/186025a3/包含导航栏.png' (65,742)
2019-07-28 16:13:36: 覆盖复制 'G:/OneDrive/Github/时光之笔/public/post/186025a3/导航视图和搜索框.png' -> 'ftp://vhost521.cloudvhost.cn:21/WEB/post/186025a3/导航视图和搜索框.png' (11,895)
2019-07-28 16:13:37: 覆盖复制 'G:/OneDrive/Github/时光之笔/public/post/186025a3/没有导航栏.png' -> 'ftp://vhost521.cloudvhost.cn:21/WEB/post/186025a3/没有导航栏.png' (45,104)
2019-07-28 16:13:37: 覆盖复制 'G:/OneDrive/Github/时光之笔/public/post/186025a3/继承图.png' -> 'ftp://vhost521.cloudvhost.cn:21/WEB/post/186025a3/继承图.png' (29,470)
2019-07-28 16:13:38: 覆盖复制 'G:/OneDrive/Github/时光之笔/public/post/186025a3.html' -> 'ftp://vhost521.cloudvhost.cn:21/WEB/post/186025a3.html' (22,933)
2019-07-28 16:13:38: 覆盖复制 'G:/OneDrive/Github/时光之笔/public/post/25bdb4d7/多标签tags.png' -> 'ftp://vhost521.cloudvhost.cn:21/WEB/post/25bdb4d7/多标签tags.png' (4,702)
2019-07-28 16:13:39: 覆盖复制 'G:/OneDrive/Github/时光之笔/public/post/25bdb4d7/转换后的多标签.png' -> 'ftp://vhost521.cloudvhost.cn:21/WEB/post/25bdb4d7/转换后的多标签.png' (5,690)
2019-07-28 16:13:39: 覆盖复制 'G:/OneDrive/Github/时光之笔/public/post/25bdb4d7.html' -> 'ftp://vhost521.cloudvhost.cn:21/WEB/post/25bdb4d7.html' (18,082)
2019-07-28 16:13:40: 覆盖复制 'G:/OneDrive/Github/时光之笔/public/post/2bc95c51.html' -> 'ftp://vhost521.cloudvhost.cn:21/WEB/post/2bc95c51.html' (18,520)
2019-07-28 16:13:40: 覆盖复制 'G:/OneDrive/Github/时光之笔/public/post/3458e8f8.html' -> 'ftp://vhost521.cloudvhost.cn:21/WEB/post/3458e8f8.html' (19,104)
2019-07-28 16:13:41: 覆盖复制 'G:/OneDrive/Github/时光之笔/public/post/3c303542.html' -> 'ftp://vhost521.cloudvhost.cn:21/WEB/post/3c303542.html' (18,069)
2019-07-28 16:13:41: 覆盖复制 'G:/OneDrive/Github/时光之笔/public/post/3e7627e9/BaiduPCS.png' -> 'ftp://vhost521.cloudvhost.cn:21/WEB/post/3e7627e9/BaiduPCS.png' (1,263,795)
2019-07-28 16:13:42: 覆盖复制 'G:/OneDrive/Github/时光之笔/public/post/3e7627e9/BaiduPCS2.png' -> 'ftp://vhost521.cloudvhost.cn:21/WEB/post/3e7627e9/BaiduPCS2.png' (26,580)
2019-07-28 16:13:42: 覆盖复制 'G:/OneDrive/Github/时光之笔/public/post/3e7627e9/iCloud付费服务.png' -> 'ftp://vhost521.cloudvhost.cn:21/WEB/post/3e7627e9/iCloud付费服务.png' (3,752)
2019-07-28 16:13:43: 覆盖复制 'G:/OneDrive/Github/时光之笔/public/post/3e7627e9/pandownload.png' -> 'ftp://vhost521.cloudvhost.cn:21/WEB/post/3e7627e9/pandownload.png' (13,693)
2019-07-28 16:13:43: 覆盖复制 'G:/OneDrive/Github/时光之笔/public/post/3e7627e9/微信截图_20190407235600.png' -> 'ftp://vhost521.cloudvhost.cn:21/WEB/post/3e7627e9/微信截图_20190407235600.png' (9,884)
2019-07-28 16:13:44: 覆盖复制 'G:/OneDrive/Github/时光之笔/public/post/3e7627e9/微信截图_20190407235814.png' -> 'ftp://vhost521.cloudvhost.cn:21/WEB/post/3e7627e9/微信截图_20190407235814.png' (25,327)
2019-07-28 16:13:44: 覆盖复制 'G:/OneDrive/Github/时光之笔/public/post/3e7627e9/阿里云.png' -> 'ftp://vhost521.cloudvhost.cn:21/WEB/post/3e7627e9/阿里云.png' (11,668)
2019-07-28 16:13:45: 覆盖复制 'G:/OneDrive/Github/时光之笔/public/post/3e7627e9.html' -> 'ftp://vhost521.cloudvhost.cn:21/WEB/post/3e7627e9.html' (33,297)
2019-07-28 16:13:45: 覆盖复制 'G:/OneDrive/Github/时光之笔/public/post/412f0a2/原来的计划.png' -> 'ftp://vhost521.cloudvhost.cn:21/WEB/post/412f0a2/原来的计划.png' (26,324)
2019-07-28 16:13:46: 覆盖复制 'G:/OneDrive/Github/时光之笔/public/post/412f0a2.html' -> 'ftp://vhost521.cloudvhost.cn:21/WEB/post/412f0a2.html' (23,150)
2019-07-28 16:13:46: 覆盖复制 'G:/OneDrive/Github/时光之笔/public/post/43b6b040.html' -> 'ftp://vhost521.cloudvhost.cn:21/WEB/post/43b6b040.html' (19,225)
2019-07-28 16:13:47: 覆盖复制 'G:/OneDrive/Github/时光之笔/public/post/52a5903c.html' -> 'ftp://vhost521.cloudvhost.cn:21/WEB/post/52a5903c.html' (30,911)
2019-07-28 16:13:47: 覆盖复制 'G:/OneDrive/Github/时光之笔/public/post/577ffcb3/路过图床.png' -> 'ftp://vhost521.cloudvhost.cn:21/WEB/post/577ffcb3/路过图床.png' (43,741)
2019-07-28 16:13:48: 覆盖复制 'G:/OneDrive/Github/时光之笔/public/post/577ffcb3.html' -> 'ftp://vhost521.cloudvhost.cn:21/WEB/post/577ffcb3.html' (40,172)
2019-07-28 16:13:49: 覆盖复制 'G:/OneDrive/Github/时光之笔/public/post/5ffa4e34/02.jpg' -> 'ftp://vhost521.cloudvhost.cn:21/WEB/post/5ffa4e34/02.jpg' (200,259)
2019-07-28 16:13:49: 覆盖复制 'G:/OneDrive/Github/时光之笔/public/post/5ffa4e34/03.png' -> 'ftp://vhost521.cloudvhost.cn:21/WEB/post/5ffa4e34/03.png' (767,251)
2019-07-28 16:13:50: 覆盖复制 'G:/OneDrive/Github/时光之笔/public/post/5ffa4e34.html' -> 'ftp://vhost521.cloudvhost.cn:21/WEB/post/5ffa4e34.html' (21,496)
2019-07-28 16:13:50: 覆盖复制 'G:/OneDrive/Github/时光之笔/public/post/63a9fbcd/证照之星.png' -> 'ftp://vhost521.cloudvhost.cn:21/WEB/post/63a9fbcd/证照之星.png' (361,988)
2019-07-28 16:13:51: 覆盖复制 'G:/OneDrive/Github/时光之笔/public/post/63a9fbcd/证照之星其他功能.png' -> 'ftp://vhost521.cloudvhost.cn:21/WEB/post/63a9fbcd/证照之星其他功能.png' (14,702)
2019-07-28 16:13:52: 覆盖复制 'G:/OneDrive/Github/时光之笔/public/post/63a9fbcd/证照之星细节处理.gif' -> 'ftp://vhost521.cloudvhost.cn:21/WEB/post/63a9fbcd/证照之星细节处理.gif' (3,084,956)
2019-07-28 16:13:53: 覆盖复制 'G:/OneDrive/Github/时光之笔/public/post/63a9fbcd/证照之星背景抠图.gif' -> 'ftp://vhost521.cloudvhost.cn:21/WEB/post/63a9fbcd/证照之星背景抠图.gif' (1,370,872)
2019-07-28 16:13:53: 覆盖复制 'G:/OneDrive/Github/时光之笔/public/post/63a9fbcd.html' -> 'ftp://vhost521.cloudvhost.cn:21/WEB/post/63a9fbcd.html' (23,240)
2019-07-28 16:13:54: 覆盖复制 'G:/OneDrive/Github/时光之笔/public/post/64984505.html' -> 'ftp://vhost521.cloudvhost.cn:21/WEB/post/64984505.html' (21,104)
2019-07-28 16:13:54: 覆盖复制 'G:/OneDrive/Github/时光之笔/public/post/6c13cd55/FTP信息.png' -> 'ftp://vhost521.cloudvhost.cn:21/WEB/post/6c13cd55/FTP信息.png' (8,200)
2019-07-28 16:13:55: 覆盖复制 'G:/OneDrive/Github/时光之笔/public/post/6c13cd55/ID.png' -> 'ftp://vhost521.cloudvhost.cn:21/WEB/post/6c13cd55/ID.png' (20,056)
2019-07-28 16:13:56: 覆盖复制 'G:/OneDrive/Github/时光之笔/public/post/6c13cd55/install.gif' -> 'ftp://vhost521.cloudvhost.cn:21/WEB/post/6c13cd55/install.gif' (2,176,468)
2019-07-28 16:13:56: 覆盖复制 'G:/OneDrive/Github/时光之笔/public/post/6c13cd55/上传oneindex.png' -> 'ftp://vhost521.cloudvhost.cn:21/WEB/post/6c13cd55/上传oneindex.png' (52,518)
2019-07-28 16:13:57: 覆盖复制 'G:/OneDrive/Github/时光之笔/public/post/6c13cd55/作为网站首页.png' -> 'ftp://vhost521.cloudvhost.cn:21/WEB/post/6c13cd55/作为网站首页.png' (21,038)
2019-07-28 16:13:57: 覆盖复制 'G:/OneDrive/Github/时光之笔/public/post/6c13cd55/分享网盘.png' -> 'ftp://vhost521.cloudvhost.cn:21/WEB/post/6c13cd55/分享网盘.png' (22,361)
2019-07-28 16:13:58: 覆盖复制 'G:/OneDrive/Github/时光之笔/public/post/6c13cd55/创建成功.png' -> 'ftp://vhost521.cloudvhost.cn:21/WEB/post/6c13cd55/创建成功.png' (104,671)
2019-07-28 16:13:58: 覆盖复制 'G:/OneDrive/Github/时光之笔/public/post/6c13cd55/同意权限.png' -> 'ftp://vhost521.cloudvhost.cn:21/WEB/post/6c13cd55/同意权限.png' (22,197)
2019-07-28 16:13:59: 覆盖复制 'G:/OneDrive/Github/时光之笔/public/post/6c13cd55/图床.png' -> 'ftp://vhost521.cloudvhost.cn:21/WEB/post/6c13cd55/图床.png' (11,945)
2019-07-28 16:13:59: 覆盖复制 'G:/OneDrive/Github/时光之笔/public/post/6c13cd55/填好了.png' -> 'ftp://vhost521.cloudvhost.cn:21/WEB/post/6c13cd55/填好了.png' (27,259)
2019-07-28 16:14:00: 覆盖复制 'G:/OneDrive/Github/时光之笔/public/post/6c13cd55/安装完成.png' -> 'ftp://vhost521.cloudvhost.cn:21/WEB/post/6c13cd55/安装完成.png' (21,283)
2019-07-28 16:14:00: 覆盖复制 'G:/OneDrive/Github/时光之笔/public/post/6c13cd55/安装第一.png' -> 'ftp://vhost521.cloudvhost.cn:21/WEB/post/6c13cd55/安装第一.png' (23,700)
2019-07-28 16:14:01: 覆盖复制 'G:/OneDrive/Github/时光之笔/public/post/6c13cd55/正在获取.png' -> 'ftp://vhost521.cloudvhost.cn:21/WEB/post/6c13cd55/正在获取.png' (9,665)
2019-07-28 16:14:01: 覆盖复制 'G:/OneDrive/Github/时光之笔/public/post/6c13cd55/注册成功.png' -> 'ftp://vhost521.cloudvhost.cn:21/WEB/post/6c13cd55/注册成功.png' (7,496)
2019-07-28 16:14:02: 覆盖复制 'G:/OneDrive/Github/时光之笔/public/post/6c13cd55/点击获取.png' -> 'ftp://vhost521.cloudvhost.cn:21/WEB/post/6c13cd55/点击获取.png' (22,881)
2019-07-28 16:14:02: 覆盖复制 'G:/OneDrive/Github/时光之笔/public/post/6c13cd55/管理员界面.png' -> 'ftp://vhost521.cloudvhost.cn:21/WEB/post/6c13cd55/管理员界面.png' (30,143)
2019-07-28 16:14:03: 覆盖复制 'G:/OneDrive/Github/时光之笔/public/post/6c13cd55/绑定账号.png' -> 'ftp://vhost521.cloudvhost.cn:21/WEB/post/6c13cd55/绑定账号.png' (8,679)
2019-07-28 16:14:03: 覆盖复制 'G:/OneDrive/Github/时光之笔/public/post/6c13cd55/获取到了密码.png' -> 'ftp://vhost521.cloudvhost.cn:21/WEB/post/6c13cd55/获取到了密码.png' (17,895)
2019-07-28 16:14:03: 覆盖复制 'G:/OneDrive/Github/时光之笔/public/post/6c13cd55.html' -> 'ftp://vhost521.cloudvhost.cn:21/WEB/post/6c13cd55.html' (28,512)
2019-07-28 16:14:04: 覆盖复制 'G:/OneDrive/Github/时光之笔/public/post/6eab7de2/添加key成功.png' -> 'ftp://vhost521.cloudvhost.cn:21/WEB/post/6eab7de2/添加key成功.png' (10,666)
2019-07-28 16:14:05: 覆盖复制 'G:/OneDrive/Github/时光之笔/public/post/6eab7de2/添加SSH KEY.png' -> 'ftp://vhost521.cloudvhost.cn:21/WEB/post/6eab7de2/添加SSH KEY.png' (25,055)
2019-07-28 16:14:05: 覆盖复制 'G:/OneDrive/Github/时光之笔/public/post/6eab7de2.html' -> 'ftp://vhost521.cloudvhost.cn:21/WEB/post/6eab7de2.html' (27,025)
2019-07-28 16:14:06: 覆盖复制 'G:/OneDrive/Github/时光之笔/public/post/72b05b11.html' -> 'ftp://vhost521.cloudvhost.cn:21/WEB/post/72b05b11.html' (20,092)
2019-07-28 16:14:06: 覆盖复制 'G:/OneDrive/Github/时光之笔/public/post/7ad67490/BBR加速菜单.png' -> 'ftp://vhost521.cloudvhost.cn:21/WEB/post/7ad67490/BBR加速菜单.png' (22,049)
2019-07-28 16:14:07: 覆盖复制 'G:/OneDrive/Github/时光之笔/public/post/7ad67490/blocklattice.png' -> 'ftp://vhost521.cloudvhost.cn:21/WEB/post/7ad67490/blocklattice.png' (5,842)
2019-07-28 16:14:07: 覆盖复制 'G:/OneDrive/Github/时光之笔/public/post/7ad67490/classplb_1_1Block2D__inherit__graph.png' -> 'ftp://vhost521.cloudvhost.cn:21/WEB/post/7ad67490/classplb_1_1Block2D__inherit__graph.png' (115,647)
2019-07-28 16:14:08: 覆盖复制 'G:/OneDrive/Github/时光之笔/public/post/7ad67490/structplb_1_1Dynamics__inherit__graph.png' -> 'ftp://vhost521.cloudvhost.cn:21/WEB/post/7ad67490/structplb_1_1Dynamics__inherit__graph.png' (473,522)
2019-07-28 16:14:08: 覆盖复制 'G:/OneDrive/Github/时光之笔/public/post/7ad67490.html' -> 'ftp://vhost521.cloudvhost.cn:21/WEB/post/7ad67490.html' (38,834)
2019-07-28 16:14:09: 覆盖复制 'G:/OneDrive/Github/时光之笔/public/post/7d334df7/1.png' -> 'ftp://vhost521.cloudvhost.cn:21/WEB/post/7d334df7/1.png' (17,593)
2019-07-28 16:14:09: 覆盖复制 'G:/OneDrive/Github/时光之笔/public/post/7d334df7/Palabos 2.0.png' -> 'ftp://vhost521.cloudvhost.cn:21/WEB/post/7d334df7/Palabos 2.0.png' (47,904)
2019-07-28 16:14:10: 覆盖复制 'G:/OneDrive/Github/时光之笔/public/post/7d334df7/示意图.png' -> 'ftp://vhost521.cloudvhost.cn:21/WEB/post/7d334df7/示意图.png' (83,307)
2019-07-28 16:14:10: 覆盖复制 'G:/OneDrive/Github/时光之笔/public/post/7d334df7/示意图2.png' -> 'ftp://vhost521.cloudvhost.cn:21/WEB/post/7d334df7/示意图2.png' (96,729)
2019-07-28 16:14:11: 覆盖复制 'G:/OneDrive/Github/时光之笔/public/post/7d334df7.html' -> 'ftp://vhost521.cloudvhost.cn:21/WEB/post/7d334df7.html' (21,761)
2019-07-28 16:14:11: 覆盖复制 'G:/OneDrive/Github/时光之笔/public/post/82140801.html' -> 'ftp://vhost521.cloudvhost.cn:21/WEB/post/82140801.html' (19,359)
2019-07-28 16:14:12: 覆盖复制 'G:/OneDrive/Github/时光之笔/public/post/83f66acc.html' -> 'ftp://vhost521.cloudvhost.cn:21/WEB/post/83f66acc.html' (19,061)
2019-07-28 16:14:12: 覆盖复制 'G:/OneDrive/Github/时光之笔/public/post/8df3db90.html' -> 'ftp://vhost521.cloudvhost.cn:21/WEB/post/8df3db90.html' (43,815)
2019-07-28 16:14:13: 覆盖复制 'G:/OneDrive/Github/时光之笔/public/post/8e65c912/乳类蔬菜类.png' -> 'ftp://vhost521.cloudvhost.cn:21/WEB/post/8e65c912/乳类蔬菜类.png' (414,613)
2019-07-28 16:14:14: 覆盖复制 'G:/OneDrive/Github/时光之笔/public/post/8e65c912/五谷类和鱼肉类.png' -> 'ftp://vhost521.cloudvhost.cn:21/WEB/post/8e65c912/五谷类和鱼肉类.png' (498,269)
2019-07-28 16:14:14: 覆盖复制 'G:/OneDrive/Github/时光之笔/public/post/8e65c912/水果和糖类.png' -> 'ftp://vhost521.cloudvhost.cn:21/WEB/post/8e65c912/水果和糖类.png' (321,563)
2019-07-28 16:14:15: 覆盖复制 'G:/OneDrive/Github/时光之笔/public/post/8e65c912/生酮饮食金字塔.jpg' -> 'ftp://vhost521.cloudvhost.cn:21/WEB/post/8e65c912/生酮饮食金字塔.jpg' (84,013)
2019-07-28 16:14:15: 覆盖复制 'G:/OneDrive/Github/时光之笔/public/post/8e65c912/零嘴点心类和饮料类的GI值.png' -> 'ftp://vhost521.cloudvhost.cn:21/WEB/post/8e65c912/零嘴点心类和饮料类的GI值.png' (220,845)
2019-07-28 16:14:16: 覆盖复制 'G:/OneDrive/Github/时光之笔/public/post/8e65c912.html' -> 'ftp://vhost521.cloudvhost.cn:21/WEB/post/8e65c912.html' (20,629)
2019-07-28 16:14:16: 覆盖复制 'G:/OneDrive/Github/时光之笔/public/post/8fa2b4d0/boundaries.gif' -> 'ftp://vhost521.cloudvhost.cn:21/WEB/post/8fa2b4d0/boundaries.gif' (15,299)
2019-07-28 16:14:17: 覆盖复制 'G:/OneDrive/Github/时光之笔/public/post/8fa2b4d0/d.png' -> 'ftp://vhost521.cloudvhost.cn:21/WEB/post/8fa2b4d0/d.png' (3,581)
2019-07-28 16:14:17: 覆盖复制 'G:/OneDrive/Github/时光之笔/public/post/8fa2b4d0/HBBVSFBB.png' -> 'ftp://vhost521.cloudvhost.cn:21/WEB/post/8fa2b4d0/HBBVSFBB.png' (81,626)
2019-07-28 16:14:18: 覆盖复制 'G:/OneDrive/Github/时光之笔/public/post/8fa2b4d0/Snipaste_2019-05-27_22-25-17.png' -> 'ftp://vhost521.cloudvhost.cn:21/WEB/post/8fa2b4d0/Snipaste_2019-05-27_22-25-17.png' (9,355)
2019-07-28 16:14:18: 覆盖复制 'G:/OneDrive/Github/时光之笔/public/post/8fa2b4d0/未命名1558576573.png' -> 'ftp://vhost521.cloudvhost.cn:21/WEB/post/8fa2b4d0/未命名1558576573.png' (7,412)
2019-07-28 16:14:19: 覆盖复制 'G:/OneDrive/Github/时光之笔/public/post/8fa2b4d0.html' -> 'ftp://vhost521.cloudvhost.cn:21/WEB/post/8fa2b4d0.html' (57,157)
2019-07-28 16:14:19: 覆盖复制 'G:/OneDrive/Github/时光之笔/public/post/92d72c3a/QQ截图20190528210023.png' -> 'ftp://vhost521.cloudvhost.cn:21/WEB/post/92d72c3a/QQ截图20190528210023.png' (10,872)
2019-07-28 16:14:20: 覆盖复制 'G:/OneDrive/Github/时光之笔/public/post/92d72c3a.html' -> 'ftp://vhost521.cloudvhost.cn:21/WEB/post/92d72c3a.html' (54,477)
2019-07-28 16:14:20: 覆盖复制 'G:/OneDrive/Github/时光之笔/public/post/98b0c1dd/D2Q9.png' -> 'ftp://vhost521.cloudvhost.cn:21/WEB/post/98b0c1dd/D2Q9.png' (44,490)
2019-07-28 16:14:21: 覆盖复制 'G:/OneDrive/Github/时光之笔/public/post/98b0c1dd.html' -> 'ftp://vhost521.cloudvhost.cn:21/WEB/post/98b0c1dd.html' (29,272)
2019-07-28 16:14:21: 覆盖复制 'G:/OneDrive/Github/时光之笔/public/post/9bc49a96.html' -> 'ftp://vhost521.cloudvhost.cn:21/WEB/post/9bc49a96.html' (25,358)
2019-07-28 16:14:22: 覆盖复制 'G:/OneDrive/Github/时光之笔/public/post/9c4edf71/出错信息.png' -> 'ftp://vhost521.cloudvhost.cn:21/WEB/post/9c4edf71/出错信息.png' (28,875)
2019-07-28 16:14:22: 覆盖复制 'G:/OneDrive/Github/时光之笔/public/post/9c4edf71.html' -> 'ftp://vhost521.cloudvhost.cn:21/WEB/post/9c4edf71.html' (22,607)
2019-07-28 16:14:23: 覆盖复制 'G:/OneDrive/Github/时光之笔/public/post/9e41e8cc.html' -> 'ftp://vhost521.cloudvhost.cn:21/WEB/post/9e41e8cc.html' (22,241)
2019-07-28 16:14:23: 覆盖复制 'G:/OneDrive/Github/时光之笔/public/post/a0a2d3bf/classplb_1_1_incompr_flow_param__coll__graph.png' -> 'ftp://vhost521.cloudvhost.cn:21/WEB/post/a0a2d3bf/classplb_1_1_incompr_flow_param__coll__graph.png' (2,480)
2019-07-28 16:14:24: 覆盖复制 'G:/OneDrive/Github/时光之笔/public/post/a0a2d3bf.html' -> 'ftp://vhost521.cloudvhost.cn:21/WEB/post/a0a2d3bf.html' (28,274)
2019-07-28 16:14:24: 覆盖复制 'G:/OneDrive/Github/时光之笔/public/post/ab1fff7c/classplb_1_1_external_force_dynamics__inherit__graph.png' -> 'ftp://vhost521.cloudvhost.cn:21/WEB/post/ab1fff7c/classplb_1_1_external_force_dynamics__inherit__graph.png' (69,706)
2019-07-28 16:14:25: 覆盖复制 'G:/OneDrive/Github/时光之笔/public/post/ab1fff7c.html' -> 'ftp://vhost521.cloudvhost.cn:21/WEB/post/ab1fff7c.html' (58,041)
2019-07-28 16:14:25: 覆盖复制 'G:/OneDrive/Github/时光之笔/public/post/aeb8e519/三层循环图.png' -> 'ftp://vhost521.cloudvhost.cn:21/WEB/post/aeb8e519/三层循环图.png' (113,012)
2019-07-28 16:14:26: 覆盖复制 'G:/OneDrive/Github/时光之笔/public/post/aeb8e519/双向FSI模块.png' -> 'ftp://vhost521.cloudvhost.cn:21/WEB/post/aeb8e519/双向FSI模块.png' (27,836)
2019-07-28 16:14:27: 覆盖复制 'G:/OneDrive/Github/时光之笔/public/post/aeb8e519/推进求解循环图.png' -> 'ftp://vhost521.cloudvhost.cn:21/WEB/post/aeb8e519/推进求解循环图.png' (66,491)
2019-07-28 16:14:27: 覆盖复制 'G:/OneDrive/Github/时光之笔/public/post/aeb8e519.html' -> 'ftp://vhost521.cloudvhost.cn:21/WEB/post/aeb8e519.html' (22,371)
2019-07-28 16:14:28: 覆盖复制 'G:/OneDrive/Github/时光之笔/public/post/b160a63e/合渣.png' -> 'ftp://vhost521.cloudvhost.cn:21/WEB/post/b160a63e/合渣.png' (1,950,594)
2019-07-28 16:14:28: 覆盖复制 'G:/OneDrive/Github/时光之笔/public/post/b160a63e/土司-张关航空路.png' -> 'ftp://vhost521.cloudvhost.cn:21/WEB/post/b160a63e/土司-张关航空路.png' (8,400)
2019-07-28 16:14:29: 覆盖复制 'G:/OneDrive/Github/时光之笔/public/post/b160a63e/土司城——张关合渣学院路.png' -> 'ftp://vhost521.cloudvhost.cn:21/WEB/post/b160a63e/土司城——张关合渣学院路.png' (212,275)
2019-07-28 16:14:30: 覆盖复制 'G:/OneDrive/Github/时光之笔/public/post/b160a63e/土家大院.png' -> 'ftp://vhost521.cloudvhost.cn:21/WEB/post/b160a63e/土家大院.png' (779,494)
2019-07-28 16:14:30: 覆盖复制 'G:/OneDrive/Github/时光之笔/public/post/b160a63e/土家大院1.jpg' -> 'ftp://vhost521.cloudvhost.cn:21/WEB/post/b160a63e/土家大院1.jpg' (202,761)
2019-07-28 16:14:31: 覆盖复制 'G:/OneDrive/Github/时光之笔/public/post/b160a63e/大峡谷腾龙洞.png' -> 'ftp://vhost521.cloudvhost.cn:21/WEB/post/b160a63e/大峡谷腾龙洞.png' (126,048)
2019-07-28 16:14:31: 覆盖复制 'G:/OneDrive/Github/时光之笔/public/post/b160a63e/女儿城-恩施.jpg' -> 'ftp://vhost521.cloudvhost.cn:21/WEB/post/b160a63e/女儿城-恩施.jpg' (35,982)
2019-07-28 16:14:32: 覆盖复制 'G:/OneDrive/Github/时光之笔/public/post/b160a63e/女儿城-恩施站.png' -> 'ftp://vhost521.cloudvhost.cn:21/WEB/post/b160a63e/女儿城-恩施站.png' (11,082)
2019-07-28 16:14:32: 覆盖复制 'G:/OneDrive/Github/时光之笔/public/post/b160a63e/室内打卡.jpg' -> 'ftp://vhost521.cloudvhost.cn:21/WEB/post/b160a63e/室内打卡.jpg' (259,487)
2019-07-28 16:14:33: 覆盖复制 'G:/OneDrive/Github/时光之笔/public/post/b160a63e/小饭围-恩施站.png' -> 'ftp://vhost521.cloudvhost.cn:21/WEB/post/b160a63e/小饭围-恩施站.png' (229,012)
2019-07-28 16:14:34: 覆盖复制 'G:/OneDrive/Github/时光之笔/public/post/b160a63e/小饭围鸭血火锅.jpg' -> 'ftp://vhost521.cloudvhost.cn:21/WEB/post/b160a63e/小饭围鸭血火锅.jpg' (185,105)
2019-07-28 16:14:34: 覆盖复制 'G:/OneDrive/Github/时光之笔/public/post/b160a63e/小饭围鸭血火锅.png' -> 'ftp://vhost521.cloudvhost.cn:21/WEB/post/b160a63e/小饭围鸭血火锅.png' (738,195)
2019-07-28 16:14:35: 覆盖复制 'G:/OneDrive/Github/时光之笔/public/post/b160a63e/张关合渣.png' -> 'ftp://vhost521.cloudvhost.cn:21/WEB/post/b160a63e/张关合渣.png' (1,242,161)
2019-07-28 16:14:36: 覆盖复制 'G:/OneDrive/Github/时光之笔/public/post/b160a63e/张关航空-凤凰山.png' -> 'ftp://vhost521.cloudvhost.cn:21/WEB/post/b160a63e/张关航空-凤凰山.png' (302,939)
2019-07-28 16:14:36: 覆盖复制 'G:/OneDrive/Github/时光之笔/public/post/b160a63e/微信截图_20190414120916.png' -> 'ftp://vhost521.cloudvhost.cn:21/WEB/post/b160a63e/微信截图_20190414120916.png' (35,821)
2019-07-28 16:14:37: 覆盖复制 'G:/OneDrive/Github/时光之笔/public/post/b160a63e/恩施-土司.jpg' -> 'ftp://vhost521.cloudvhost.cn:21/WEB/post/b160a63e/恩施-土司.jpg' (140,768)
2019-07-28 16:14:37: 覆盖复制 'G:/OneDrive/Github/时光之笔/public/post/b160a63e/恩施-土司城.png' -> 'ftp://vhost521.cloudvhost.cn:21/WEB/post/b160a63e/恩施-土司城.png' (213,861)
2019-07-28 16:14:38: 覆盖复制 'G:/OneDrive/Github/时光之笔/public/post/b160a63e/恩施-腾龙洞.jpg' -> 'ftp://vhost521.cloudvhost.cn:21/WEB/post/b160a63e/恩施-腾龙洞.jpg' (89,597)
2019-07-28 16:14:39: 覆盖复制 'G:/OneDrive/Github/时光之笔/public/post/b160a63e/恩施马蜂窝.png' -> 'ftp://vhost521.cloudvhost.cn:21/WEB/post/b160a63e/恩施马蜂窝.png' (383,656)
2019-07-28 16:14:39: 覆盖复制 'G:/OneDrive/Github/时光之笔/public/post/b160a63e/打卡点.png' -> 'ftp://vhost521.cloudvhost.cn:21/WEB/post/b160a63e/打卡点.png' (139,482)
2019-07-28 16:14:40: 覆盖复制 'G:/OneDrive/Github/时光之笔/public/post/b160a63e/携程时间.png' -> 'ftp://vhost521.cloudvhost.cn:21/WEB/post/b160a63e/携程时间.png' (168,627)
2019-07-28 16:14:40: 覆盖复制 'G:/OneDrive/Github/时光之笔/public/post/b160a63e/旅游的目的.png' -> 'ftp://vhost521.cloudvhost.cn:21/WEB/post/b160a63e/旅游的目的.png' (27,194)
2019-07-28 16:14:41: 覆盖复制 'G:/OneDrive/Github/时光之笔/public/post/b160a63e/时间.jpg' -> 'ftp://vhost521.cloudvhost.cn:21/WEB/post/b160a63e/时间.jpg' (41,611)
2019-07-28 16:14:41: 覆盖复制 'G:/OneDrive/Github/时光之笔/public/post/b160a63e/省级路线.png' -> 'ftp://vhost521.cloudvhost.cn:21/WEB/post/b160a63e/省级路线.png' (46,047)
2019-07-28 16:14:42: 覆盖复制 'G:/OneDrive/Github/时光之笔/public/post/b160a63e/腊猪蹄.jpg' -> 'ftp://vhost521.cloudvhost.cn:21/WEB/post/b160a63e/腊猪蹄.jpg' (80,634)
2019-07-28 16:14:42: 覆盖复制 'G:/OneDrive/Github/时光之笔/public/post/b160a63e/腊猪蹄.png' -> 'ftp://vhost521.cloudvhost.cn:21/WEB/post/b160a63e/腊猪蹄.png' (422,445)
2019-07-28 16:14:43: 覆盖复制 'G:/OneDrive/Github/时光之笔/public/post/b160a63e/跟团游时间.jpg' -> 'ftp://vhost521.cloudvhost.cn:21/WEB/post/b160a63e/跟团游时间.jpg' (141,188)
2019-07-28 16:14:43: 覆盖复制 'G:/OneDrive/Github/时光之笔/public/post/b160a63e/随手记.jpg' -> 'ftp://vhost521.cloudvhost.cn:21/WEB/post/b160a63e/随手记.jpg' (54,799)
2019-07-28 16:14:44: 覆盖复制 'G:/OneDrive/Github/时光之笔/public/post/b160a63e/马蜂窝.jpg' -> 'ftp://vhost521.cloudvhost.cn:21/WEB/post/b160a63e/马蜂窝.jpg' (133,472)
2019-07-28 16:14:45: 覆盖复制 'G:/OneDrive/Github/时光之笔/public/post/b160a63e.html' -> 'ftp://vhost521.cloudvhost.cn:21/WEB/post/b160a63e.html' (55,366)
2019-07-28 16:14:45: 覆盖复制 'G:/OneDrive/Github/时光之笔/public/post/b8284c09.html' -> 'ftp://vhost521.cloudvhost.cn:21/WEB/post/b8284c09.html' (24,707)
2019-07-28 16:14:46: 覆盖复制 'G:/OneDrive/Github/时光之笔/public/post/bd44de2.html' -> 'ftp://vhost521.cloudvhost.cn:21/WEB/post/bd44de2.html' (21,984)
2019-07-28 16:14:46: 覆盖复制 'G:/OneDrive/Github/时光之笔/public/post/bd68ef14/QQ截图20190528183058.png' -> 'ftp://vhost521.cloudvhost.cn:21/WEB/post/bd68ef14/QQ截图20190528183058.png' (37,840)
2019-07-28 16:14:47: 覆盖复制 'G:/OneDrive/Github/时光之笔/public/post/bd68ef14/QQ截图20190528183105.png' -> 'ftp://vhost521.cloudvhost.cn:21/WEB/post/bd68ef14/QQ截图20190528183105.png' (49,082)
2019-07-28 16:14:47: 覆盖复制 'G:/OneDrive/Github/时光之笔/public/post/bd68ef14/QQ截图20190528183330.png' -> 'ftp://vhost521.cloudvhost.cn:21/WEB/post/bd68ef14/QQ截图20190528183330.png' (31,350)
2019-07-28 16:14:48: 覆盖复制 'G:/OneDrive/Github/时光之笔/public/post/bd68ef14/QQ截图20190528183406.png' -> 'ftp://vhost521.cloudvhost.cn:21/WEB/post/bd68ef14/QQ截图20190528183406.png' (57,582)
2019-07-28 16:14:48: 覆盖复制 'G:/OneDrive/Github/时光之笔/public/post/bd68ef14.html' -> 'ftp://vhost521.cloudvhost.cn:21/WEB/post/bd68ef14.html' (21,953)
2019-07-28 16:14:49: 覆盖复制 'G:/OneDrive/Github/时光之笔/public/post/c7f1a035.html' -> 'ftp://vhost521.cloudvhost.cn:21/WEB/post/c7f1a035.html' (19,206)
2019-07-28 16:14:49: 覆盖复制 'G:/OneDrive/Github/时光之笔/public/post/c8dcfc3f.html' -> 'ftp://vhost521.cloudvhost.cn:21/WEB/post/c8dcfc3f.html' (23,405)
2019-07-28 16:14:50: 覆盖复制 'G:/OneDrive/Github/时光之笔/public/post/cb4fe6c1/BlockLattice2Ｄ.png' -> 'ftp://vhost521.cloudvhost.cn:21/WEB/post/cb4fe6c1/BlockLattice2Ｄ.png' (7,242)
2019-07-28 16:14:50: 覆盖复制 'G:/OneDrive/Github/时光之笔/public/post/cb4fe6c1/blockXD继承图.gif' -> 'ftp://vhost521.cloudvhost.cn:21/WEB/post/cb4fe6c1/blockXD继承图.gif' (64,655)
2019-07-28 16:14:51: 覆盖复制 'G:/OneDrive/Github/时光之笔/public/post/cb4fe6c1/classplb_1_1_block2_d__inherit__graph.png' -> 'ftp://vhost521.cloudvhost.cn:21/WEB/post/cb4fe6c1/classplb_1_1_block2_d__inherit__graph.png' (63,670)
2019-07-28 16:14:51: 覆盖复制 'G:/OneDrive/Github/时光之笔/public/post/cb4fe6c1/D2Q9.png' -> 'ftp://vhost521.cloudvhost.cn:21/WEB/post/cb4fe6c1/D2Q9.png' (3,263)
2019-07-28 16:14:52: 覆盖复制 'G:/OneDrive/Github/时光之笔/public/post/cb4fe6c1/D2Q9Descriptor.png' -> 'ftp://vhost521.cloudvhost.cn:21/WEB/post/cb4fe6c1/D2Q9Descriptor.png' (18,754)
2019-07-28 16:14:52: 覆盖复制 'G:/OneDrive/Github/时光之笔/public/post/cb4fe6c1/Dynamic.gif' -> 'ftp://vhost521.cloudvhost.cn:21/WEB/post/cb4fe6c1/Dynamic.gif' (75,596)
2019-07-28 16:14:53: 覆盖复制 'G:/OneDrive/Github/时光之笔/public/post/cb4fe6c1.html' -> 'ftp://vhost521.cloudvhost.cn:21/WEB/post/cb4fe6c1.html' (48,006)
2019-07-28 16:14:53: 覆盖复制 'G:/OneDrive/Github/时光之笔/public/post/cd85bfda.html' -> 'ftp://vhost521.cloudvhost.cn:21/WEB/post/cd85bfda.html' (19,066)
2019-07-28 16:14:54: 覆盖复制 'G:/OneDrive/Github/时光之笔/public/post/d5673d21/多图绘制.png' -> 'ftp://vhost521.cloudvhost.cn:21/WEB/post/d5673d21/多图绘制.png' (17,883)
2019-07-28 16:14:54: 覆盖复制 'G:/OneDrive/Github/时光之笔/public/post/d5673d21/希娜字符输入表.png' -> 'ftp://vhost521.cloudvhost.cn:21/WEB/post/d5673d21/希娜字符输入表.png' (27,738)
2019-07-28 16:14:55: 覆盖复制 'G:/OneDrive/Github/时光之笔/public/post/d5673d21/补全字符.png' -> 'ftp://vhost521.cloudvhost.cn:21/WEB/post/d5673d21/补全字符.png' (5,548)
2019-07-28 16:14:55: 覆盖复制 'G:/OneDrive/Github/时光之笔/public/post/d5673d21.html' -> 'ftp://vhost521.cloudvhost.cn:21/WEB/post/d5673d21.html' (36,765)
2019-07-28 16:14:56: 覆盖复制 'G:/OneDrive/Github/时光之笔/public/post/d9455392/未命名1557392136.png' -> 'ftp://vhost521.cloudvhost.cn:21/WEB/post/d9455392/未命名1557392136.png' (11,767)
2019-07-28 16:14:56: 覆盖复制 'G:/OneDrive/Github/时光之笔/public/post/d9455392/未命名1557458704.png' -> 'ftp://vhost521.cloudvhost.cn:21/WEB/post/d9455392/未命名1557458704.png' (9,234)
2019-07-28 16:14:57: 覆盖复制 'G:/OneDrive/Github/时光之笔/public/post/d9455392.html' -> 'ftp://vhost521.cloudvhost.cn:21/WEB/post/d9455392.html' (17,853)
2019-07-28 16:14:57: 覆盖复制 'G:/OneDrive/Github/时光之笔/public/post/e05079e9/Hexo_help.png' -> 'ftp://vhost521.cloudvhost.cn:21/WEB/post/e05079e9/Hexo_help.png' (27,216)
2019-07-28 16:14:58: 覆盖复制 'G:/OneDrive/Github/时光之笔/public/post/e05079e9/ssh文件夹目录.png' -> 'ftp://vhost521.cloudvhost.cn:21/WEB/post/e05079e9/ssh文件夹目录.png' (8,942)
2019-07-28 16:14:58: 覆盖复制 'G:/OneDrive/Github/时光之笔/public/post/e05079e9/博客启动成功.png' -> 'ftp://vhost521.cloudvhost.cn:21/WEB/post/e05079e9/博客启动成功.png' (286,280)
2019-07-28 16:14:59: 覆盖复制 'G:/OneDrive/Github/时光之笔/public/post/e05079e9/启动服务器.png' -> 'ftp://vhost521.cloudvhost.cn:21/WEB/post/e05079e9/启动服务器.png' (3,060)
2019-07-28 16:14:59: 覆盖复制 'G:/OneDrive/Github/时光之笔/public/post/e05079e9/改配置.png' -> 'ftp://vhost521.cloudvhost.cn:21/WEB/post/e05079e9/改配置.png' (6,514)
2019-07-28 16:15:00: 覆盖复制 'G:/OneDrive/Github/时光之笔/public/post/e05079e9/添加ssh1.png' -> 'ftp://vhost521.cloudvhost.cn:21/WEB/post/e05079e9/添加ssh1.png' (34,093)
2019-07-28 16:15:00: 覆盖复制 'G:/OneDrive/Github/时光之笔/public/post/e05079e9/添加ssh2.png' -> 'ftp://vhost521.cloudvhost.cn:21/WEB/post/e05079e9/添加ssh2.png' (40,420)
2019-07-28 16:15:01: 覆盖复制 'G:/OneDrive/Github/时光之笔/public/post/e05079e9/添加ssh3.png' -> 'ftp://vhost521.cloudvhost.cn:21/WEB/post/e05079e9/添加ssh3.png' (24,313)
2019-07-28 16:15:01: 覆盖复制 'G:/OneDrive/Github/时光之笔/public/post/e05079e9/连接成功.png' -> 'ftp://vhost521.cloudvhost.cn:21/WEB/post/e05079e9/连接成功.png' (13,930)
2019-07-28 16:15:02: 覆盖复制 'G:/OneDrive/Github/时光之笔/public/post/e05079e9.html' -> 'ftp://vhost521.cloudvhost.cn:21/WEB/post/e05079e9.html' (40,533)
2019-07-28 16:15:02: 覆盖复制 'G:/OneDrive/Github/时光之笔/public/post/edc1ad1c.html' -> 'ftp://vhost521.cloudvhost.cn:21/WEB/post/edc1ad1c.html' (18,232)
2019-07-28 16:15:03: 覆盖复制 'G:/OneDrive/Github/时光之笔/public/post/f2f456f3.html' -> 'ftp://vhost521.cloudvhost.cn:21/WEB/post/f2f456f3.html' (19,070)
2019-07-28 16:15:03: 覆盖复制 'G:/OneDrive/Github/时光之笔/public/tags/ANSYS/index.html' -> 'ftp://vhost521.cloudvhost.cn:21/WEB/tags/ANSYS/index.html' (17,112)
2019-07-28 16:15:04: 覆盖复制 'G:/OneDrive/Github/时光之笔/public/tags/C/index.html' -> 'ftp://vhost521.cloudvhost.cn:21/WEB/tags/C/index.html' (21,132)
2019-07-28 16:15:04: 覆盖复制 'G:/OneDrive/Github/时光之笔/public/tags/Doxygen/index.html' -> 'ftp://vhost521.cloudvhost.cn:21/WEB/tags/Doxygen/index.html' (17,227)
2019-07-28 16:15:05: 覆盖复制 'G:/OneDrive/Github/时光之笔/public/tags/FreeFileSync/index.html' -> 'ftp://vhost521.cloudvhost.cn:21/WEB/tags/FreeFileSync/index.html' (17,288)
2019-07-28 16:15:05: 覆盖复制 'G:/OneDrive/Github/时光之笔/public/tags/FTP/index.html' -> 'ftp://vhost521.cloudvhost.cn:21/WEB/tags/FTP/index.html' (17,198)
2019-07-28 16:15:06: 覆盖复制 'G:/OneDrive/Github/时光之笔/public/tags/GitHub/index.html' -> 'ftp://vhost521.cloudvhost.cn:21/WEB/tags/GitHub/index.html' (18,200)
2019-07-28 16:15:06: 覆盖复制 'G:/OneDrive/Github/时光之笔/public/tags/Graphviz/index.html' -> 'ftp://vhost521.cloudvhost.cn:21/WEB/tags/Graphviz/index.html' (17,237)
2019-07-28 16:15:07: 覆盖复制 'G:/OneDrive/Github/时光之笔/public/tags/hexo/index.html' -> 'ftp://vhost521.cloudvhost.cn:21/WEB/tags/hexo/index.html' (20,784)
2019-07-28 16:15:07: 覆盖复制 'G:/OneDrive/Github/时光之笔/public/tags/index.html' -> 'ftp://vhost521.cloudvhost.cn:21/WEB/tags/index.html' (84,677)
2019-07-28 16:15:08: 覆盖复制 'G:/OneDrive/Github/时光之笔/public/tags/LBM/index.html' -> 'ftp://vhost521.cloudvhost.cn:21/WEB/tags/LBM/index.html' (22,933)
2019-07-28 16:15:08: 覆盖复制 'G:/OneDrive/Github/时光之笔/public/tags/Maple/index.html' -> 'ftp://vhost521.cloudvhost.cn:21/WEB/tags/Maple/index.html' (17,945)
2019-07-28 16:15:09: 覆盖复制 'G:/OneDrive/Github/时光之笔/public/tags/matlab/index.html' -> 'ftp://vhost521.cloudvhost.cn:21/WEB/tags/matlab/index.html' (17,190)
2019-07-28 16:15:09: 覆盖复制 'G:/OneDrive/Github/时光之笔/public/tags/onedrive/index.html' -> 'ftp://vhost521.cloudvhost.cn:21/WEB/tags/onedrive/index.html' (17,275)
2019-07-28 16:15:10: 覆盖复制 'G:/OneDrive/Github/时光之笔/public/tags/oneindex/index.html' -> 'ftp://vhost521.cloudvhost.cn:21/WEB/tags/oneindex/index.html' (17,275)
2019-07-28 16:15:10: 覆盖复制 'G:/OneDrive/Github/时光之笔/public/tags/Palabos/index.html' -> 'ftp://vhost521.cloudvhost.cn:21/WEB/tags/Palabos/index.html' (24,619)
2019-07-28 16:15:11: 覆盖复制 'G:/OneDrive/Github/时光之笔/public/tags/Plababos/index.html' -> 'ftp://vhost521.cloudvhost.cn:21/WEB/tags/Plababos/index.html' (17,133)
2019-07-28 16:15:11: 覆盖复制 'G:/OneDrive/Github/时光之笔/public/tags/Telegram/index.html' -> 'ftp://vhost521.cloudvhost.cn:21/WEB/tags/Telegram/index.html' (17,224)
2019-07-28 16:15:12: 覆盖复制 'G:/OneDrive/Github/时光之笔/public/tags/WPC/index.html' -> 'ftp://vhost521.cloudvhost.cn:21/WEB/tags/WPC/index.html' (19,357)
2019-07-28 16:15:12: 覆盖复制 'G:/OneDrive/Github/时光之笔/public/tags/代理/index.html' -> 'ftp://vhost521.cloudvhost.cn:21/WEB/tags/代理/index.html' (17,204)
2019-07-28 16:15:13: 覆盖复制 'G:/OneDrive/Github/时光之笔/public/tags/减肥/index.html' -> 'ftp://vhost521.cloudvhost.cn:21/WEB/tags/减肥/index.html' (17,986)
2019-07-28 16:15:13: 覆盖复制 'G:/OneDrive/Github/时光之笔/public/tags/复盘/index.html' -> 'ftp://vhost521.cloudvhost.cn:21/WEB/tags/复盘/index.html' (18,130)
2019-07-28 16:15:14: 覆盖复制 'G:/OneDrive/Github/时光之笔/public/tags/容易的生活/index.html' -> 'ftp://vhost521.cloudvhost.cn:21/WEB/tags/容易的生活/index.html' (17,200)
2019-07-28 16:15:14: 覆盖复制 'G:/OneDrive/Github/时光之笔/public/tags/小工具/index.html' -> 'ftp://vhost521.cloudvhost.cn:21/WEB/tags/小工具/index.html' (17,385)
2019-07-28 16:15:15: 覆盖复制 'G:/OneDrive/Github/时光之笔/public/tags/工具/index.html' -> 'ftp://vhost521.cloudvhost.cn:21/WEB/tags/工具/index.html' (17,313)
2019-07-28 16:15:15: 覆盖复制 'G:/OneDrive/Github/时光之笔/public/tags/总结/index.html' -> 'ftp://vhost521.cloudvhost.cn:21/WEB/tags/总结/index.html' (18,130)
2019-07-28 16:15:16: 覆盖复制 'G:/OneDrive/Github/时光之笔/public/tags/攻略/index.html' -> 'ftp://vhost521.cloudvhost.cn:21/WEB/tags/攻略/index.html' (17,192)
2019-07-28 16:15:16: 覆盖复制 'G:/OneDrive/Github/时光之笔/public/tags/旅游/index.html' -> 'ftp://vhost521.cloudvhost.cn:21/WEB/tags/旅游/index.html' (17,192)
2019-07-28 16:15:17: 覆盖复制 'G:/OneDrive/Github/时光之笔/public/tags/日记/index.html' -> 'ftp://vhost521.cloudvhost.cn:21/WEB/tags/日记/index.html' (17,914)
2019-07-28 16:15:17: 覆盖复制 'G:/OneDrive/Github/时光之笔/public/tags/桌面便签/index.html' -> 'ftp://vhost521.cloudvhost.cn:21/WEB/tags/桌面便签/index.html' (17,415)
2019-07-28 16:15:18: 覆盖复制 'G:/OneDrive/Github/时光之笔/public/tags/流体力学/index.html' -> 'ftp://vhost521.cloudvhost.cn:21/WEB/tags/流体力学/index.html' (17,161)
2019-07-28 16:15:18: 覆盖复制 'G:/OneDrive/Github/时光之笔/public/tags/生酮/index.html' -> 'ftp://vhost521.cloudvhost.cn:21/WEB/tags/生酮/index.html' (17,171)
2019-07-28 16:15:19: 覆盖复制 'G:/OneDrive/Github/时光之笔/public/tags/百度网盘/index.html' -> 'ftp://vhost521.cloudvhost.cn:21/WEB/tags/百度网盘/index.html' (17,285)
2019-07-28 16:15:20: 覆盖复制 'G:/OneDrive/Github/时光之笔/public/tags/置顶/index.html' -> 'ftp://vhost521.cloudvhost.cn:21/WEB/tags/置顶/index.html' (17,953)
2019-07-28 16:15:20: 覆盖复制 'G:/OneDrive/Github/时光之笔/public/tags/证件照/index.html' -> 'ftp://vhost521.cloudvhost.cn:21/WEB/tags/证件照/index.html' (17,343)
2019-07-28 16:15:21: 覆盖复制 'G:/OneDrive/Github/时光之笔/public/tags/随笔/index.html' -> 'ftp://vhost521.cloudvhost.cn:21/WEB/tags/随笔/index.html' (17,904)
2019-07-28 16:15:21: == 同步完成. 历时: 00:02:32, 速度: 198 KB/s, 完成: 415, 错误: 0
2019-07-28 16:15:21: 
